[debug] [2022-09-23T10:16:49.582Z] ----------------------------------------------------------------------
[debug] [2022-09-23T10:16:49.589Z] Command:       /usr/bin/node /usr/local/bin/firebase init hosting
[debug] [2022-09-23T10:16:49.590Z] CLI Version:   11.10.0
[debug] [2022-09-23T10:16:49.590Z] Platform:      linux
[debug] [2022-09-23T10:16:49.590Z] Node Version:  v16.17.0
[debug] [2022-09-23T10:16:49.591Z] Time:          Fri Sep 23 2022 13:16:49 GMT+0300 (East Africa Time)
[debug] [2022-09-23T10:16:49.591Z] ----------------------------------------------------------------------
[debug] 
[debug] [2022-09-23T10:16:49.604Z] > command requires scopes: ["email","openid","https://www.googleapis.com/auth/cloudplatformprojects.readonly","https://www.googleapis.com/auth/firebase","https://www.googleapis.com/auth/cloud-platform"]
[debug] [2022-09-23T10:16:49.605Z] > authorizing via signed-in user (kelvinchebon90@gmail.com)
[info] 
     ######## #### ########  ######## ########     ###     ######  ########
     ##        ##  ##     ## ##       ##     ##  ##   ##  ##       ##
     ######    ##  ########  ######   ########  #########  ######  ######
     ##        ##  ##    ##  ##       ##     ## ##     ##       ## ##
     ##       #### ##     ## ######## ########  ##     ##  ######  ########

You're about to initialize a Firebase project in this directory:

  /home/kk/Sublime/Sites/SkinCare

[info] 
=== Project Setup
[info] 
[info] First, let's associate this project directory with a Firebase project.
[info] You can create multiple project aliases by running firebase use --add, 
[info] but for now we'll just set up a default project.
[info] 
